  main.c
  mainfun.c
E:\c language\code\课程实际v2\课程实际v2\main.c(37,17): warning C4013: “search”未定义；假设外部返回 int
E:\c language\code\课程实际v2\课程实际v2\main.c(43,17): warning C4013: “backup”未定义；假设外部返回 int
E:\c language\code\课程实际v2\课程实际v2\mainfun.c(17,8): warning C4553: “==”: 未使用表达式结果；是否打算使用“=”?
E:\c language\code\课程实际v2\课程实际v2\mainfun.c(27,9): warning C4013: “gets”未定义；假设外部返回 int
E:\c language\code\课程实际v2\课程实际v2\mainfun.c(97,18): warning C4101: “password”: 未引用的局部变量
E:\c language\code\课程实际v2\课程实际v2\mainfun.c(127,21): warning C4477: “fprintf”: 格式字符串“%s”需要类型“char *”的参数，但可变参数 6 拥有了类型“int *”
E:\c language\code\课程实际v2\课程实际v2\mainfun.c(166,26): warning C4477: “fscanf”: 格式字符串“%s”需要类型“char *”的参数，但可变参数 6 拥有了类型“int (*)[20]”
E:\c language\code\课程实际v2\课程实际v2\mainfun.c(195,16): warning C4477: “printf”: 格式字符串“%s”需要类型“char *”的参数，但可变参数 1 拥有了类型“int *”
E:\c language\code\课程实际v2\课程实际v2\mainfun.c(216,16): warning C4477: “printf”: 格式字符串“%s”需要类型“char *”的参数，但可变参数 1 拥有了类型“int *”
E:\c language\code\课程实际v2\课程实际v2\mainfun.c(239,20): warning C4477: “printf”: 格式字符串“%s”需要类型“char *”的参数，但可变参数 1 拥有了类型“int *”
E:\c language\code\课程实际v2\课程实际v2\mainfun.c(347,11): warning C4477: “scanf”: 格式字符串“%s”需要类型“char *”的参数，但可变参数 1 拥有了类型“int (*)[20]”
E:\c language\code\课程实际v2\课程实际v2\mainfun.c(484,12): warning C4477: “printf”: 格式字符串“%s”需要类型“char *”的参数，但可变参数 1 拥有了类型“int *”
E:\c language\code\课程实际v2\课程实际v2\mainfun.c(502,21): warning C4477: “fprintf”: 格式字符串“%s”需要类型“char *”的参数，但可变参数 6 拥有了类型“int *”
E:\c language\code\课程实际v2\课程实际v2\mainfun.c(540,27): warning C4133: “函数”: 从“int [20]”到“const char *”的类型不兼容
E:\c language\code\课程实际v2\课程实际v2\mainfun.c(558,32): warning C4133: “函数”: 从“int [20]”到“const char *”的类型不兼容
E:\c language\code\课程实际v2\课程实际v2\mainfun.c(619,32): warning C4133: “函数”: 从“int [20]”到“char *”的类型不兼容
E:\c language\code\课程实际v2\课程实际v2\mainfun.c(632,31): warning C4133: “函数”: 从“int [20]”到“const char *”的类型不兼容
E:\c language\code\课程实际v2\课程实际v2\mainfun.c(672,32): warning C4133: “函数”: 从“int [20]”到“char *”的类型不兼容
  正在生成代码
  Previous IPDB not found, fall back to full compilation.
  All 31 functions were compiled because no usable IPDB/IOBJ from previous compilation was found.
  已完成代码的生成
  课程实际v2.vcxproj -> E:\c language\code\课程实际v2\x64\Release\课程实际v2.exe
